[1021/122536.204:ERROR:directory_reader_win.cc(43)] FindFirstFile: The system cannot find the path specified. (0x3)
[1022/082602.642:ERROR:directory_reader_win.cc(43)] FindFirstFile: The system cannot find the path specified. (0x3)
[1026/101209.689:ERROR:directory_reader_win.cc(43)] FindFirstFile: The system cannot find the path specified. (0x3)
[1026/201857.726:ERROR:directory_reader_win.cc(43)] FindFirstFile: The system cannot find the path specified. (0x3)
[1027/085505.766:ERROR:directory_reader_win.cc(43)] FindFirstFile: The system cannot find the path specified. (0x3)
[1031/182033.128:ERROR:directory_reader_win.cc(43)] FindFirstFile: The system cannot find the path specified. (0x3)
[1101/083648.156:ERROR:directory_reader_win.cc(43)] FindFirstFile: The system cannot find the path specified. (0x3)
[1108/093308.067:ERROR:directory_reader_win.cc(43)] FindFirstFile: The system cannot find the path specified. (0x3)
[1111/082157.847:ERROR:directory_reader_win.cc(43)] FindFirstFile: The system cannot find the path specified. (0x3)
[1112/100926.963:ERROR:directory_reader_win.cc(43)] FindFirstFile: The system cannot find the path specified. (0x3)
[1114/133934.193:ERROR:directory_reader_win.cc(43)] FindFirstFile: The system cannot find the path specified. (0x3)
[1115/083451.482:ERROR:process_reader_win.cc(123)] NtOpenThread: {Access Denied} A process has requested access to an object, but has not been granted those access rights. (0xc0000022)
[1115/083451.482:ERROR:process_reader_win.cc(123)] NtOpenThread: {Access Denied} A process has requested access to an object, but has not been granted those access rights. (0xc0000022)
[1115/083451.498:ERROR:exception_snapshot_win.cc(99)] thread ID 14240 not found in process
[1115/083451.498:ERROR:exception_snapshot_win.cc(99)] thread ID 9476 not found in process
[1115/083451.669:ERROR:process_info.cc(329)] VirtualQueryEx: Access is denied. (0x5)
[1115/083451.669:ERROR:process_info.cc(556)] ReadMemoryInfo failed
[1115/083451.669:ERROR:scoped_process_suspend.cc(40)] NtResumeProcess: An attempt was made to access an exiting process. (0xc000010a)
[1117/083000.006:ERROR:directory_reader_win.cc(43)] FindFirstFile: The system cannot find the path specified. (0x3)
[1118/083737.492:ERROR:directory_reader_win.cc(43)] FindFirstFile: The system cannot find the path specified. (0x3)
[1118/093842.483:ERROR:directory_reader_win.cc(43)] FindFirstFile: The system cannot find the path specified. (0x3)
[1119/085828.635:ERROR:directory_reader_win.cc(43)] FindFirstFile: The system cannot find the path specified. (0x3)
[1121/104055.760:ERROR:directory_reader_win.cc(43)] FindFirstFile: The system cannot find the path specified. (0x3)
[1122/092344.887:ERROR:directory_reader_win.cc(43)] FindFirstFile: The system cannot find the path specified. (0x3)
[1124/081734.673:ERROR:directory_reader_win.cc(43)] FindFirstFile: The system cannot find the path specified. (0x3)
[1205/094028.278:ERROR:directory_reader_win.cc(43)] FindFirstFile: The system cannot find the path specified. (0x3)
[1205/171142.366:ERROR:process_reader_win.cc(151)] SuspendThread: Access is denied. (0x5)
[1205/171142.439:ERROR:process_reader_win.cc(151)] SuspendThread: Access is denied. (0x5)
[1205/171142.451:ERROR:process_reader_win.cc(151)] SuspendThread: Access is denied. (0x5)
[1205/171142.441:ERROR:process_reader_win.cc(151)] SuspendThread: Access is denied. (0x5)
[1205/171142.451:ERROR:process_reader_win.cc(151)] SuspendThread: Access is denied. (0x5)
[1205/171142.451:ERROR:process_reader_win.cc(151)] SuspendThread: Access is denied. (0x5)
[1205/171142.451:ERROR:process_reader_win.cc(151)] SuspendThread: Access is denied. (0x5)
[1205/171142.451:ERROR:process_reader_win.cc(151)] SuspendThread: Access is denied. (0x5)
[1205/171142.451:ERROR:process_reader_win.cc(151)] SuspendThread: Access is denied. (0x5)
[1205/171142.451:ERROR:process_reader_win.cc(151)] SuspendThread: Access is denied. (0x5)
[1205/171142.451:ERROR:process_reader_win.cc(151)] SuspendThread: Access is denied. (0x5)
[1205/171142.451:ERROR:process_reader_win.cc(151)] SuspendThread: Access is denied. (0x5)
[1205/171142.451:ERROR:process_reader_win.cc(151)] SuspendThread: Access is denied. (0x5)
[1205/171142.451:ERROR:process_reader_win.cc(151)] SuspendThread: Access is denied. (0x5)
[1205/171142.451:ERROR:process_reader_win.cc(151)] SuspendThread: Access is denied. (0x5)
[1205/171142.451:ERROR:process_reader_win.cc(151)] SuspendThread: Access is denied. (0x5)
[1205/171142.451:ERROR:process_reader_win.cc(151)] SuspendThread: Access is denied. (0x5)
[1205/171142.451:ERROR:process_reader_win.cc(151)] SuspendThread: Access is denied. (0x5)
[1205/171142.451:ERROR:process_reader_win.cc(151)] SuspendThread: Access is denied. (0x5)
[1205/171142.452:ERROR:process_reader_win.cc(151)] SuspendThread: Access is denied. (0x5)
[1205/171142.453:ERROR:process_reader_win.cc(151)] SuspendThread: Access is denied. (0x5)
[1205/171142.453:ERROR:process_reader_win.cc(151)] SuspendThread: Access is denied. (0x5)
[1205/171142.453:ERROR:process_reader_win.cc(151)] SuspendThread: Access is denied. (0x5)
[1205/171142.453:ERROR:process_reader_win.cc(151)] SuspendThread: Access is denied. (0x5)
[1205/171142.453:ERROR:process_reader_win.cc(151)] SuspendThread: Access is denied. (0x5)
[1205/171142.453:ERROR:process_reader_win.cc(151)] SuspendThread: Access is denied. (0x5)
[1205/171142.453:ERROR:process_reader_win.cc(151)] SuspendThread: Access is denied. (0x5)
[1205/171142.453:ERROR:process_reader_win.cc(151)] SuspendThread: Access is denied. (0x5)
[1205/171142.453:ERROR:process_reader_win.cc(151)] SuspendThread: Access is denied. (0x5)
[1205/171142.453:ERROR:process_reader_win.cc(151)] SuspendThread: Access is denied. (0x5)
[1205/171142.595:ERROR:process_reader_win.cc(151)] SuspendThread: Access is denied. (0x5)
[1205/171142.595:ERROR:process_reader_win.cc(151)] SuspendThread: Access is denied. (0x5)
[1205/171142.595:ERROR:process_reader_win.cc(151)] SuspendThread: Access is denied. (0x5)
[1205/171142.595:ERROR:process_reader_win.cc(151)] SuspendThread: Access is denied. (0x5)
[1205/171142.595:ERROR:process_reader_win.cc(151)] SuspendThread: Access is denied. (0x5)
[1205/171142.595:ERROR:process_reader_win.cc(151)] SuspendThread: Access is denied. (0x5)
[1205/171142.595:ERROR:process_reader_win.cc(151)] SuspendThread: Access is denied. (0x5)
[1205/171142.595:ERROR:process_reader_win.cc(151)] SuspendThread: Access is denied. (0x5)
[1205/171142.595:ERROR:process_reader_win.cc(151)] SuspendThread: Access is denied. (0x5)
[1205/171142.595:ERROR:process_reader_win.cc(123)] NtOpenThread: {Access Denied} A process has requested access to an object, but has not been granted those access rights. (0xc0000022)
[1205/171142.451:ERROR:process_reader_win.cc(123)] NtOpenThread: {Access Denied} A process has requested access to an object, but has not been granted those access rights. (0xc0000022)
[1205/171142.453:ERROR:process_reader_win.cc(123)] NtOpenThread: {Access Denied} A process has requested access to an object, but has not been granted those access rights. (0xc0000022)
[1205/171142.441:ERROR:process_reader_win.cc(123)] NtOpenThread: {Access Denied} A process has requested access to an object, but has not been granted those access rights. (0xc0000022)
[1205/171142.437:ERROR:process_reader_win.cc(123)] NtOpenThread: {Access Denied} A process has requested access to an object, but has not been granted those access rights. (0xc0000022)
[1205/171142.671:ERROR:exception_snapshot_win.cc(99)] thread ID 13112 not found in process
[1205/171142.671:ERROR:exception_snapshot_win.cc(99)] thread ID 13260 not found in process
[1205/171142.435:ERROR:process_reader_win.cc(123)] NtOpenThread: {Access Denied} A process has requested access to an object, but has not been granted those access rights. (0xc0000022)
[1205/171142.671:ERROR:exception_snapshot_win.cc(99)] thread ID 10664 not found in process
[1205/171142.452:ERROR:process_reader_win.cc(123)] NtOpenThread: {Access Denied} A process has requested access to an object, but has not been granted those access rights. (0xc0000022)
[1205/171142.671:ERROR:exception_snapshot_win.cc(99)] thread ID 9196 not found in process
[1205/171142.452:ERROR:process_reader_win.cc(123)] NtOpenThread: {Access Denied} A process has requested access to an object, but has not been granted those access rights. (0xc0000022)
[1205/171142.671:ERROR:exception_snapshot_win.cc(99)] thread ID 9212 not found in process
[1205/171142.671:ERROR:exception_snapshot_win.cc(99)] thread ID 11940 not found in process
[1205/171142.671:ERROR:exception_snapshot_win.cc(99)] thread ID 9992 not found in process
[1205/171142.671:ERROR:exception_snapshot_win.cc(99)] thread ID 1264 not found in process
[1205/174211.669:ERROR:directory_reader_win.cc(43)] FindFirstFile: The system cannot find the path specified. (0x3)
[1206/154819.178:ERROR:directory_reader_win.cc(43)] FindFirstFile: The system cannot find the path specified. (0x3)
[1209/162607.918:ERROR:directory_reader_win.cc(43)] FindFirstFile: The system cannot find the path specified. (0x3)
[1211/140529.549:ERROR:process_reader_win.cc(123)] NtOpenThread: {Access Denied} A process has requested access to an object, but has not been granted those access rights. (0xc0000022)
[1211/140529.549:ERROR:process_reader_win.cc(123)] NtOpenThread: {Access Denied} A process has requested access to an object, but has not been granted those access rights. (0xc0000022)
[1211/140529.549:ERROR:process_reader_win.cc(123)] NtOpenThread: {Access Denied} A process has requested access to an object, but has not been granted those access rights. (0xc0000022)
[1211/140529.550:ERROR:process_reader_win.cc(123)] NtOpenThread: {Access Denied} A process has requested access to an object, but has not been granted those access rights. (0xc0000022)
[1211/140529.575:ERROR:process_reader_win.cc(123)] NtOpenThread: {Access Denied} A process has requested access to an object, but has not been granted those access rights. (0xc0000022)
[1211/140529.549:ERROR:process_reader_win.cc(123)] NtOpenThread: {Access Denied} A process has requested access to an object, but has not been granted those access rights. (0xc0000022)
[1211/140529.549:ERROR:process_reader_win.cc(123)] NtOpenThread: {Access Denied} A process has requested access to an object, but has not been granted those access rights. (0xc0000022)
[1211/140529.549:ERROR:process_reader_win.cc(123)] NtOpenThread: {Access Denied} A process has requested access to an object, but has not been granted those access rights. (0xc0000022)
[1211/140529.689:ERROR:exception_snapshot_win.cc(99)] thread ID 10196 not found in process
[1211/140529.690:ERROR:exception_snapshot_win.cc(99)] thread ID 10008 not found in process
[1211/140529.690:ERROR:exception_snapshot_win.cc(99)] thread ID 16132 not found in process
[1211/140529.690:ERROR:exception_snapshot_win.cc(99)] thread ID 15612 not found in process
[1211/140529.690:ERROR:exception_snapshot_win.cc(99)] thread ID 15792 not found in process
[1211/140529.690:ERROR:exception_snapshot_win.cc(99)] thread ID 15540 not found in process
[1211/140529.690:ERROR:exception_snapshot_win.cc(99)] thread ID 1556 not found in process
[1211/140529.690:ERROR:exception_snapshot_win.cc(99)] thread ID 6140 not found in process
[1211/140529.952:ERROR:process_info.cc(329)] VirtualQueryEx: Access is denied. (0x5)
[1211/140529.952:ERROR:process_info.cc(556)] ReadMemoryInfo failed
[1211/140529.952:ERROR:scoped_process_suspend.cc(40)] NtResumeProcess: An attempt was made to access an exiting process. (0xc000010a)
[1224/011723.067:ERROR:directory_reader_win.cc(43)] FindFirstFile: The system cannot find the path specified. (0x3)
[1226/094922.250:ERROR:directory_reader_win.cc(43)] FindFirstFile: The system cannot find the path specified. (0x3)
[1226/215518.935:ERROR:process_info.cc(329)] VirtualQueryEx: Access is denied. (0x5)
[1226/215518.935:ERROR:process_info.cc(556)] ReadMemoryInfo failed
[1226/215518.935:ERROR:process_memory_win.cc(39)] Failed to initialize ProcessInfo.
[1226/215518.935:ERROR:scoped_process_suspend.cc(40)] NtResumeProcess: An attempt was made to access an exiting process. (0xc000010a)
[1227/003649.398:ERROR:settings.cc(320)] Settings magic is not 1129342067
[1227/004649.464:ERROR:directory_reader_win.cc(43)] FindFirstFile: The system cannot find the path specified. (0x3)
[1227/005947.820:ERROR:directory_reader_win.cc(43)] FindFirstFile: The system cannot find the path specified. (0x3)
[1227/111439.068:ERROR:directory_reader_win.cc(43)] FindFirstFile: The system cannot find the path specified. (0x3)
[1227/154402.261:ERROR:directory_reader_win.cc(43)] FindFirstFile: The system cannot find the path specified. (0x3)
[1228/103733.461:ERROR:directory_reader_win.cc(43)] FindFirstFile: The system cannot find the path specified. (0x3)
[1229/155858.338:ERROR:directory_reader_win.cc(43)] FindFirstFile: The system cannot find the path specified. (0x3)
[1229/215517.089:ERROR:directory_reader_win.cc(43)] FindFirstFile: The system cannot find the path specified. (0x3)
[1230/120048.167:ERROR:directory_reader_win.cc(43)] FindFirstFile: The system cannot find the path specified. (0x3)
[1230/204358.866:ERROR:directory_reader_win.cc(43)] FindFirstFile: The system cannot find the path specified. (0x3)
[0102/111606.272:ERROR:directory_reader_win.cc(43)] FindFirstFile: The system cannot find the path specified. (0x3)
[0105/112624.947:ERROR:directory_reader_win.cc(43)] FindFirstFile: The system cannot find the path specified. (0x3)
[0106/113347.315:ERROR:directory_reader_win.cc(43)] FindFirstFile: The system cannot find the path specified. (0x3)
[0109/113937.693:ERROR:directory_reader_win.cc(43)] FindFirstFile: The system cannot find the path specified. (0x3)
[0110/103935.744:ERROR:directory_reader_win.cc(43)] FindFirstFile: The system cannot find the path specified. (0x3)
[0113/111547.351:ERROR:directory_reader_win.cc(43)] FindFirstFile: The system cannot find the path specified. (0x3)
[0120/140053.008:ERROR:directory_reader_win.cc(43)] FindFirstFile: The system cannot find the path specified. (0x3)
[0123/202029.417:ERROR:directory_reader_win.cc(43)] FindFirstFile: The system cannot find the path specified. (0x3)
[0125/174959.707:ERROR:directory_reader_win.cc(43)] FindFirstFile: The system cannot find the path specified. (0x3)
